0 info it worked if it ends with ok
1 verbose cli [ 'C:\\Program Files\\nodejs\\node.exe',
1 verbose cli   'C:\\Program Files\\nodejs\\node_modules\\npm\\bin\\npm-cli.js',
1 verbose cli   'start' ]
2 info using npm@3.10.10
3 info using node@v7.2.1
4 verbose run-script [ 'prestart', 'start', 'poststart' ]
5 info lifecycle makeadeal@0.0.0~prestart: makeadeal@0.0.0
6 silly lifecycle makeadeal@0.0.0~prestart: no script for prestart, continuing
7 info lifecycle makeadeal@0.0.0~start: makeadeal@0.0.0
8 verbose lifecycle makeadeal@0.0.0~start: unsafe-perm in lifecycle true
9 verbose lifecycle makeadeal@0.0.0~start: PATH: C:\Program Files\nodejs\node_modules\npm\bin\node-gyp-bin;C:\Users\jayashree.harlapur\Downloads\TypeHead_assignment\Angular2\makeadeal\node_modules\.bin;C:\ProgramData\Oracle\Java\javapath;C:\windows\system32;C:\windows;C:\windows\System32\Wbem;C:\windows\System32\WindowsPowerShell\v1.0\;C:\Program Files (x86)\Skype\Phone\;C:\Program Files\nodejs\;C:\Users\jayashree.harlapur\AppData\Roaming\npm;C:\Users\Administrator\AppData\Roaming\npm\node_modules\angular-cli\bin;C:\Program Files (x86)\WebEx\Productivity Tools;C:\Users\jayashree.harlapur\AppData\Local\Google\Chrome\Application;C:\ProgramData\Oracle\Java\javapath;C:\Program Files\Dell\DW WLAN Card;C:\windows\system32;C:\windows;C:\windows\System32\Wbem;C:\windows\System32\WindowsPowerShell\v1.0\;C:\Program Files (x86)\WebEx\Productivity Tools;C:\Program Files\Symantec\Symantec Endpoint Encryption Clients\;C:\Program Files (x86)\WebEx\PTools020000000;C:\Program Files (x86)\Skype\Phone\;C:\Program Files\TortoiseSVN\bin;C:\Program Files\nodejs\;C:\Users\jayashree.harlapur\AppData\Local\Programs\Git\cmd
10 verbose lifecycle makeadeal@0.0.0~start: CWD: C:\Users\jayashree.harlapur\Downloads\TypeHead_assignment\Angular2\makeadeal
11 silly lifecycle makeadeal@0.0.0~start: Args: [ '/d /s /c', 'ng serve' ]
12 silly lifecycle makeadeal@0.0.0~start: Returned: code: 1  signal: null
13 info lifecycle makeadeal@0.0.0~start: Failed to exec start script
14 verbose stack Error: makeadeal@0.0.0 start: `ng serve`
14 verbose stack Exit status 1
14 verbose stack     at EventEmitter.<anonymous> (C:\Program Files\nodejs\node_modules\npm\lib\utils\lifecycle.js:255:16)
14 verbose stack     at emitTwo (events.js:106:13)
14 verbose stack     at EventEmitter.emit (events.js:191:7)
14 verbose stack     at ChildProcess.<anonymous> (C:\Program Files\nodejs\node_modules\npm\lib\utils\spawn.js:40:14)
14 verbose stack     at emitTwo (events.js:106:13)
14 verbose stack     at ChildProcess.emit (events.js:191:7)
14 verbose stack     at maybeClose (internal/child_process.js:885:16)
14 verbose stack     at Process.ChildProcess._handle.onexit (internal/child_process.js:226:5)
15 verbose pkgid makeadeal@0.0.0
16 verbose cwd C:\Users\jayashree.harlapur\Downloads\TypeHead_assignment\Angular2\makeadeal
17 error Windows_NT 6.1.7601
18 error argv "C:\\Program Files\\nodejs\\node.exe" "C:\\Program Files\\nodejs\\node_modules\\npm\\bin\\npm-cli.js" "start"
19 error node v7.2.1
20 error npm  v3.10.10
21 error code ELIFECYCLE
22 error makeadeal@0.0.0 start: `ng serve`
22 error Exit status 1
23 error Failed at the makeadeal@0.0.0 start script 'ng serve'.
23 error Make sure you have the latest version of node.js and npm installed.
23 error If you do, this is most likely a problem with the makeadeal package,
23 error not with npm itself.
23 error Tell the author that this fails on your system:
23 error     ng serve
23 error You can get information on how to open an issue for this project with:
23 error     npm bugs makeadeal
23 error Or if that isn't available, you can get their info via:
23 error     npm owner ls makeadeal
23 error There is likely additional logging output above.
24 verbose exit [ 1, true ]
